2026-06-01 05:23:33,112 [INFO] main: ▶ main.py started
2026-06-01 05:23:33,936 [INFO] strategy: ============================================================
2026-06-01 05:23:33,936 [INFO] strategy: Run at 2026-06-01 10:53:33 IST
2026-06-01 05:23:33,936 [INFO] strategy: Mode: PAPER TRADING
2026-06-01 05:23:33,936 [INFO] state_manager: New trading day: 2026-06-01
2026-06-01 05:23:34,272 [INFO] fyers_data: Fyers authenticated: SOURAVA KUMAR SETHY
2026-06-01 05:23:34,567 [INFO] fyers_data: Spot: 23590.45
2026-06-01 05:23:34,915 [INFO] fyers_data: 9:15 candle close: 23633.0
2026-06-01 05:23:34,915 [INFO] strategy: ATM fixed at 23600
2026-06-01 05:23:35,660 [INFO] fyers_data: Straddle 23500: 20 bars
2026-06-01 05:23:36,678 [INFO] fyers_data: Straddle 23400: 20 bars
2026-06-01 05:23:37,180 [INFO] fyers_data: Straddle 23300: 20 bars
2026-06-01 05:23:37,694 [INFO] fyers_data: Straddle 23200: 20 bars
2026-06-01 05:23:38,364 [INFO] fyers_data: Straddle 23600: 20 bars
2026-06-01 05:23:38,866 [INFO] fyers_data: Straddle 23700: 20 bars
2026-06-01 05:23:39,388 [INFO] fyers_data: Straddle 23800: 20 bars
2026-06-01 05:23:39,916 [INFO] fyers_data: Straddle 23900: 20 bars
2026-06-01 05:23:40,417 [INFO] fyers_data: Straddle 24000: 20 bars
2026-06-01 05:23:40,417 [INFO] view_engine: View check | ATM below_vwap=True | upper_below=4 upper_above=0 | lower_above=3 lower_below=1 | score=+9.5 label=very_bullish
2026-06-01 05:23:40,417 [INFO] view_engine: Label pending (1/2): current=None pending=very_bullish
2026-06-01 05:23:40,417 [INFO] main: ✓ main.py finished
2026-06-01 05:36:54,344 [INFO] main: ▶ main.py started
2026-06-01 05:36:54,628 [INFO] strategy: ============================================================
2026-06-01 05:36:54,629 [INFO] strategy: Run at 2026-06-01 11:06:54 IST
2026-06-01 05:36:54,629 [INFO] strategy: Mode: PAPER TRADING
2026-06-01 05:36:54,629 [INFO] state_manager: State loaded successfully.
2026-06-01 05:36:54,973 [INFO] fyers_data: Fyers authenticated: SOURAVA KUMAR SETHY
2026-06-01 05:36:55,188 [INFO] fyers_data: Spot: 23591.15
2026-06-01 05:36:55,652 [INFO] fyers_data: Straddle 23500: 23 bars
2026-06-01 05:36:56,094 [INFO] fyers_data: Straddle 23400: 23 bars
2026-06-01 05:36:56,582 [INFO] fyers_data: Straddle 23300: 23 bars
2026-06-01 05:36:57,056 [INFO] fyers_data: Straddle 23200: 23 bars
2026-06-01 05:36:57,509 [INFO] fyers_data: Straddle 23600: 23 bars
2026-06-01 05:36:57,970 [INFO] fyers_data: Straddle 23700: 23 bars
2026-06-01 05:36:58,405 [INFO] fyers_data: Straddle 23800: 23 bars
2026-06-01 05:36:58,862 [INFO] fyers_data: Straddle 23900: 23 bars
2026-06-01 05:36:59,319 [INFO] fyers_data: Straddle 24000: 23 bars
2026-06-01 05:36:59,319 [INFO] view_engine: View check | ATM below_vwap=True | upper_below=4 upper_above=0 | lower_above=2 lower_below=2 | score=+7.5 label=very_bullish
2026-06-01 05:36:59,319 [INFO] view_engine: Label confirmed: None → very_bullish
2026-06-01 05:36:59,319 [INFO] strategy: Entry signal: label=very_bullish score=+7.5
2026-06-01 05:36:59,560 [INFO] fyers_data: Selected CE 23800 | delta=0.137 ltp=38.7 dist=200pts
2026-06-01 05:36:59,773 [INFO] fyers_data: Selected PE 23400 | delta=0.144 ltp=30.0 dist=200pts
2026-06-01 05:37:00,197 [INFO] position_manager: [PAPER] SELL NSE:NIFTY2660223800CE qty=300 fill=₹38.95
2026-06-01 05:37:00,620 [INFO] position_manager: [PAPER] SELL NSE:NIFTY2660223400PE qty=600 fill=₹29.80
2026-06-01 05:37:01,060 [INFO] position_manager: [PAPER] BUY NSE:NIFTY2660224100CE qty=75 fill=₹7.70
2026-06-01 05:37:01,509 [INFO] position_manager: [PAPER] BUY NSE:NIFTY2660223100PE qty=150 fill=₹4.90
2026-06-01 05:37:01,509 [INFO] position_manager: Entry | label=very_bullish CE 23800x4 d=0.125 PE 23400x8 d=0.125
2026-06-01 05:37:02,084 [INFO] strategy: Entry done: label=very_bullish legs=4
2026-06-01 05:37:02,084 [INFO] strategy: MTM P&L: ₹0
2026-06-01 05:37:02,769 [INFO] dashboard_gen: Dashboard written → docs/index.html (10,765 bytes)
2026-06-01 05:37:02,770 [INFO] strategy: Run complete.
2026-06-01 05:37:02,770 [INFO] main: ✓ main.py finished
2026-06-01 05:51:38,356 [INFO] main: ▶ main.py started
2026-06-01 05:51:38,657 [INFO] strategy: ============================================================
2026-06-01 05:51:38,658 [INFO] strategy: Run at 2026-06-01 11:21:38 IST
2026-06-01 05:51:38,658 [INFO] strategy: Mode: PAPER TRADING
2026-06-01 05:51:38,658 [INFO] state_manager: State loaded successfully.
2026-06-01 05:51:38,988 [INFO] fyers_data: Fyers authenticated: SOURAVA KUMAR SETHY
2026-06-01 05:51:39,711 [INFO] fyers_data: Spot: 23593.75
2026-06-01 05:51:40,470 [INFO] fyers_data: Straddle 23500: 26 bars
2026-06-01 05:51:41,006 [INFO] fyers_data: Straddle 23400: 26 bars
2026-06-01 05:51:41,531 [INFO] fyers_data: Straddle 23300: 26 bars
2026-06-01 05:51:42,043 [INFO] fyers_data: Straddle 23200: 26 bars
2026-06-01 05:51:42,552 [INFO] fyers_data: Straddle 23600: 26 bars
2026-06-01 05:51:43,474 [INFO] fyers_data: Straddle 23700: 26 bars
2026-06-01 05:51:44,012 [INFO] fyers_data: Straddle 23800: 26 bars
2026-06-01 05:51:44,533 [INFO] fyers_data: Straddle 23900: 26 bars
2026-06-01 05:51:45,057 [INFO] fyers_data: Straddle 24000: 26 bars
2026-06-01 05:51:45,058 [INFO] view_engine: View check | ATM below_vwap=True | upper_below=4 upper_above=0 | lower_above=3 lower_below=1 | score=+9.5 label=very_bullish
2026-06-01 05:51:45,309 [INFO] position_manager: MTM P&L: ₹848
2026-06-01 05:51:46,132 [INFO] strategy: Profit floor updated: ₹424
2026-06-01 05:51:46,132 [INFO] strategy: MTM P&L: ₹848
2026-06-01 05:51:47,095 [INFO] dashboard_gen: Dashboard written → docs/index.html (11,649 bytes)
2026-06-01 05:51:47,096 [INFO] strategy: Run complete.
2026-06-01 05:51:47,096 [INFO] main: ✓ main.py finished
2026-06-01 06:03:49,611 [INFO] main: ▶ main.py started
2026-06-01 06:03:50,412 [INFO] strategy: ============================================================
2026-06-01 06:03:50,412 [INFO] strategy: Run at 2026-06-01 11:33:50 IST
2026-06-01 06:03:50,412 [INFO] strategy: Mode: PAPER TRADING
2026-06-01 06:03:50,412 [INFO] state_manager: State loaded successfully.
2026-06-01 06:03:50,772 [INFO] fyers_data: Fyers authenticated: SOURAVA KUMAR SETHY
2026-06-01 06:03:51,034 [INFO] fyers_data: Spot: 23542.85
2026-06-01 06:03:51,707 [INFO] fyers_data: Straddle 23500: 28 bars
2026-06-01 06:03:52,235 [INFO] fyers_data: Straddle 23400: 28 bars
2026-06-01 06:03:52,761 [INFO] fyers_data: Straddle 23300: 28 bars
2026-06-01 06:03:53,291 [INFO] fyers_data: Straddle 23200: 28 bars
2026-06-01 06:03:53,825 [INFO] fyers_data: Straddle 23600: 28 bars
2026-06-01 06:03:54,362 [INFO] fyers_data: Straddle 23700: 28 bars
2026-06-01 06:03:55,341 [INFO] fyers_data: Straddle 23800: 28 bars
2026-06-01 06:03:55,867 [INFO] fyers_data: Straddle 23900: 28 bars
2026-06-01 06:03:56,438 [INFO] fyers_data: Straddle 24000: 28 bars
2026-06-01 06:03:56,438 [INFO] view_engine: View check | ATM below_vwap=True | upper_below=0 upper_above=4 | lower_above=0 lower_below=4 | score=-10.5 label=very_bearish
2026-06-01 06:03:56,438 [INFO] view_engine: Label pending (1/2): current=very_bullish pending=very_bearish
2026-06-01 06:03:56,699 [INFO] position_manager: MTM P&L: ₹-2,066
2026-06-01 06:03:56,699 [WARNING] strategy: Daily loss limit hit: MTM=-2066
2026-06-01 06:03:57,220 [INFO] position_manager: [PAPER] BUY NSE:NIFTY2660223800CE qty=300 fill=₹29.95
2026-06-01 06:03:57,221 [INFO] position_manager: [PAPER] Closed sell NSE:NIFTY2660223800CE daily_loss_limit | lots=4 entry=₹38.95 exit=₹30.15 pnl=₹2640
2026-06-01 06:03:57,734 [INFO] position_manager: [PAPER] BUY NSE:NIFTY2660223400PE qty=600 fill=₹37.85
2026-06-01 06:03:57,734 [INFO] position_manager: [PAPER] Closed sell NSE:NIFTY2660223400PE daily_loss_limit | lots=8 entry=₹29.80 exit=₹37.95 pnl=₹-4890
2026-06-01 06:03:58,248 [INFO] position_manager: [PAPER] SELL NSE:NIFTY2660224100CE qty=75 fill=₹6.65
2026-06-01 06:03:58,248 [INFO] position_manager: [PAPER] Closed buy NSE:NIFTY2660224100CE daily_loss_limit | lots=1 entry=₹7.70 exit=₹6.65 pnl=₹-79
2026-06-01 06:03:58,756 [INFO] position_manager: [PAPER] SELL NSE:NIFTY2660223100PE qty=150 fill=₹5.45
2026-06-01 06:03:58,756 [INFO] position_manager: [PAPER] Closed buy NSE:NIFTY2660223100PE daily_loss_limit | lots=2 entry=₹4.90 exit=₹5.40 pnl=₹75
2026-06-01 06:03:58,756 [INFO] position_manager: Closed all | reason=daily_loss_limit | P&L: ₹-2,254
2026-06-01 06:03:59,474 [INFO] dashboard_gen: Dashboard written → docs/index.html (9,161 bytes)
2026-06-01 06:03:59,474 [INFO] main: ✓ main.py finished
